<?xml version="1.0" encoding="UTF-8"?>
<!-- Generated by org.testng.reporters.JUnitReportReporter -->
<testsuite hostname="LAP-ASHISHC" failures="1" tests="1" name="TestRunner.Run" time="18.840" errors="0" timestamp="2025-12-01T00:02:56 IST" skipped="0">
  <testcase classname="TestRunner.Run" name="runScenario" time="18.840">
    <failure message="expected [true] but found [false]" type="java.lang.AssertionError">
      <![CDATA[java.lang.AssertionError: expected [true] but found [false]
at org.testng.Assert.fail(Assert.java:110)
at org.testng.Assert.failNotEquals(Assert.java:1577)
at org.testng.Assert.assertTrue(Assert.java:56)
at org.testng.Assert.assertTrue(Assert.java:66)
at StepDefination.StepDef.title_page_should_be(StepDef.java:100)
at âœ½.Title page should be "One HCX1"(file:///C:/Users/ashish.chavhan/eclipse-workspace1/CucumberBDD/./Features/LoginFeatures.feature:11)
]]>
    </failure>
  </testcase> <!-- runScenario -->
  <system-out/>
</testsuite> <!-- TestRunner.Run -->
